WARNING: Image format was not specified for '/home/shixiong/linux_kernel/wheezy.img' and probing guessed raw.
         Automatically detecting the format is dangerous for raw images, write operations on block 0 will be restricted.
         Specify the 'raw' format explicitly to remove the restrictions.
[    4.774783] loop: module loaded
[    4.784567] scsi host0: ata_piix
[    4.786878] scsi host1: ata_piix
[    4.787474] ata1: PATA max MWDMA2 cmd 0x1f0 ctl 0x3f6 bmdma 0xc080 irq 14
[    4.787687] ata2: PATA max MWDMA2 cmd 0x170 ctl 0x376 bmdma 0xc088 irq 15
[    4.792149] e100: Intel(R) PRO/100 Network Driver, 3.5.24-k2-NAPI
[    4.792448] e100: Copyright(c) 1999-2006 Intel Corporation
[    4.792776] e1000: Intel(R) PRO/1000 Network Driver - version 7.3.21-k8-NAPI
[    4.792953] e1000: Copyright (c) 1999-2006 Intel Corporation.
[    4.793104] e1000e: Intel(R) PRO/1000 Network Driver - 3.2.6-k
[    4.793417] e1000e: Copyright(c) 1999 - 2015 Intel Corporation.
[    4.794508] sky2: driver version 1.30
[    4.797480] ehci_hcd: USB 2.0 'Enhanced' Host Controller (EHCI) Driver
[    4.797792] ehci-pci: EHCI PCI platform driver
[    4.798066] ohci_hcd: USB 1.1 'Open' Host Controller (OHCI) Driver
[    4.799124] ohci-pci: OHCI PCI platform driver
[    4.799783] uhci_hcd: USB Universal Host Controller Interface driver
[    4.801040] usbcore: registered new interface driver usblp
[    4.801583] usbcore: registered new interface driver usb-storage
[    4.802034] i8042: PNP: PS/2 Controller [PNP0303:KBD,PNP0f13:MOU] at 0x60,0x64 irq 1,12
[    4.803703] serio: i8042 KBD port at 0x60,0x64 irq 1
[    4.804038] serio: i8042 AUX port at 0x60,0x64 irq 12
[    4.806926] input: AT Translated Set 2 keyboard as /devices/platform/i8042/serio0/input/input1
[    4.809935] rtc_cmos 00:00: RTC can wake from S4
[    4.812098] rtc_cmos 00:00: rtc core: registered rtc_cmos as rtc0
[    4.813396] rtc_cmos 00:00: alarms up to one day, 114 bytes nvram, hpet irqs
[    4.817718] device-mapper: ioctl: 4.35.0-ioctl (2016-06-23) initialised: dm-devel@redhat.com
[    4.818278] hidraw: raw HID events driver (C) Jiri Kosina
[    4.823993] usbcore: registered new interface driver usbhid
[    4.824167] usbhid: USB HID core driver
[    4.827031] Netfilter messages via NETLINK v0.30.
[    4.827520] nf_conntrack version 0.5.0 (512 buckets, 2048 max)
[    4.828208] ctnetlink v0.93: registering with nfnetlink.
[    4.830170] ip_tables: (C) 2000-2006 Netfilter Core Team
[    4.830799] Initializing XFRM netlink socket
[    4.833530] NET: Registered protocol family 10
[    4.836569] Segment Routing with IPv6
[    4.836933] ip6_tables: (C) 2000-2006 Netfilter Core Team
[    4.838066] sit: IPv6, IPv4 and MPLS over IPv4 tunneling driver
[    4.839949] NET: Registered protocol family 17
[    4.840630] 9pnet: Installing 9P2000 support
[    4.841261] Key type dns_resolver registered
[    4.843767] registered taskstats version 1
[    4.845275]   Magic number: 5:333:567
[    4.846086] misc network_latency: hash matches
[    4.846375] console [netcon0] enabled
[    4.846616] netconsole: network logging started
[    4.847198] ALSA device list:
[    4.847478]   No soundcards found.
[    4.947739] ata2.00: ATAPI: QEMU DVD-ROM, 2.5+, max UDMA/100
[    4.949110] ata2.00: configured for MWDMA2
[    4.951110] scsi 1:0:0:0: CD-ROM            QEMU     QEMU DVD-ROM     2.5+ PQ: 0 ANSI: 5
[    4.964160] sr 1:0:0:0: [sr0] scsi3-mmc drive: 4x/4x cd/rw xa/form2 tray
[    4.964469] cdrom: Uniform CD-ROM driver Revision: 3.20
[    4.966247] random: fast init done
[    4.967145] sr 1:0:0:0: Attached scsi generic sg0 type 5
[    5.435871] input: ImExPS/2 Generic Explorer Mouse as /devices/platform/i8042/serio1/input/input3
[    5.437311] md: Waiting for all devices to be available before autodetect
[    5.437717] md: If you don't use raid, use raid=noautodetect
[    5.440704] md: Autodetecting RAID arrays.
[    5.441022] md: autorun ...
[    5.441141] md: ... autorun DONE.
[    5.442254] EXT4-fs (vda): couldn't mount as ext3 due to feature incompatibilities
[    5.443566] EXT4-fs (vda): couldn't mount as ext2 due to feature incompatibilities
[    5.453045] EXT4-fs (vda): mounted filesystem with ordered data mode. Opts: (null)
[    5.453662] VFS: Mounted root (ext4 filesystem) readonly on device 253:0.
[    5.457600] devtmpfs: mounted
[    5.460856] Freeing unused kernel memory: 1908K
[    5.461000] Write protecting the kernel read-only data: 24576k
[    5.462286] Freeing unused kernel memory: 1752K
[    5.465360] Freeing unused kernel memory: 360K
SELinux:  Could not open policy file <= /etc/selinux/targeted/policy/policy.30:  No such file or directory
INIT: version 2.88 booting
[    5.495516] stty (1105) used greatest stack depth: 26984 bytes left
[[36minfo[39;49m] Using makefile-style concurrent boot in runlevel S.
[....] Starting the hotplug events dispatcher: udevd[    5.715705] udevd[1213]: starting version 175
[?25l[?1c7[1G[[32m ok [39;49m8[?25h[?0c.
[....] Synthesizing the initial hotplug events...[    5.943944] cdrom_id (1262) used greatest stack depth: 26544 bytes left
[?25l[?1c7[1G[[32m ok [39;49m8[?25h[?0cdone.
[....] Waiting for /dev to be fully populated...[?25l[?1c7[1G[[32m ok [39;49m8[?25h[?0cdone.
[....] Activating swap...[?25l[?1c7[1G[[32m ok [39;49m8[?25h[?0cdone.
[    6.633048] EXT4-fs (vda): re-mounted. Opts: (null)
[....] Cleaning up temporary files... /tmp[?25l[?1c7[1G[[32m ok [39;49m8[?25h[?0c.
[....] Activating lvm and md swap...[?25l[?1c7[1G[[32m ok [39;49m8[?25h[?0cdone.
[....] Checking file systems...fsck from util-linux 2.20.1
[?25l[?1c7[1G[[32m ok [39;49m8[?25h[?0cdone.
[....] Mounting local filesystems...[?25l[?1c7[1G[[32m ok [39;49m8[?25h[?0cdone.
[....] Activating swapfile swap...[?25l[?1c7[1G[[32m ok [39;49m8[?25h[?0cdone.
[....] Cleaning up temporary files...[?25l[?1c7[1G[[32m ok [39;49m8[?25h[?0c.
[....] Setting kernel variables ...[?25l[?1c7[1G[[32m ok [39;49m8[?25h[?0cdone.
[....] Configuring network interfaces...[    8.155083] ip (2359) used greatest stack depth: 25448 bytes left
Internet Systems Consortium DHCP Client 4.2.2
Copyright 2004-2011 Internet Systems Consortium.
All rights reserved.
For info, please visit https://www.isc.org/software/dhcp/

Listening on LPF/eth0/52:54:00:12:34:78
Sending on   LPF/eth0/52:54:00:12:34:78
Sending on   Socket/fallback
DHCPDISCOVER on eth0 to 255.255.255.255 port 67 interval 3
DHCPREQUEST on eth0 to 255.255.255.255 port 67
DHCPOFFER from 10.0.2.2
DHCPACK from 10.0.2.2
bound to 10.0.2.15 -- renewal in 35332 seconds.
[?25l[?1c7[1G[[32m ok [39;49m8[?25h[?0cdone.
[....] Cleaning up temporary files...[?25l[?1c7[1G[[32m ok [39;49m8[?25h[?0c.
INIT: Entering runlevel: 2
[[36minfo[39;49m] Using makefile-style concurrent boot in runlevel 2.
[....] Starting enhanced syslogd: rsyslogd[?25l[?1c7[1G[[32m ok [39;49m8[?25h[?0c.
[....] Starting periodic command scheduler: cron[?25l[?1c7[1G[[32m ok [39;49m8[?25h[?0c.
[....] Starting OpenBSD Secure Shell server: sshd[?25l[?1c7[1G[[32m ok [39;49m8[?25h[?0c.
[r[H[J
Debian GNU/Linux 7 hkucs-PowerEdge-R430-3 hvc0

hkucs-PowerEdge-R430-3 login: r[  362.717420] trace_kprobe: Could not insert probe at myretprobe+0: -22
[  671.818029] random: crng init done
